[GIN-debug] [WARNING] Creating an Engine instance with the Logger and Recovery middleware already attached.

[GIN-debug] [WARNING] Running in "debug" mode. Switch to "release" mode in production.
 - using env:	export GIN_MODE=release
 - using code:	gin.SetMode(gin.ReleaseMode)

[GIN-debug] Loaded HTML Templates (2): 
	- 
	- index.html

[GIN-debug] GET    /static/*filepath         --> github.com/gin-gonic/gin.(*RouterGroup).createStaticHandler.func1 (3 handlers)
[GIN-debug] HEAD   /static/*filepath         --> github.com/gin-gonic/gin.(*RouterGroup).createStaticHandler.func1 (3 handlers)
[GIN-debug] GET    /v1/                      --> hserver/handlers.HomeHandler (6 handlers)
[GIN-debug] GET    /v1/about                 --> hserver/handlers.AboutHandler (6 handlers)
[GIN-debug] GET    /v1/ping                  --> hserver/handlers.PingHandler (6 handlers)
[GIN-debug] GET    /v1/ws                    --> hserver/handlers.WSHandler (6 handlers)
[GIN-debug] POST   /v1/resize                --> hserver/handlers.ResizeHandler (6 handlers)
[GIN-debug] POST   /v1/upload                --> hserver/handlers.UploadHandler (6 handlers)
[GIN-debug] GET    /v1/puser                 --> hserver/handlers.PuserHandler (6 handlers)
[GIN-debug] GET    /v1/image.png             --> hserver/handlers.ImageHandler (6 handlers)
[GIN-debug] [WARNING] You trusted all proxies, this is NOT safe. We recommend you to set a value.
Please check https://pkg.go.dev/github.com/gin-gonic/gin#readme-don-t-trust-all-proxies for details.
[GIN-debug] Listening and serving HTTP on 127.0.0.1:8080
